<?xml version="1.0" encoding="UTF-8"?>
<!-- Generated by org.testng.reporters.JUnitXMLReporter -->
<testsuite hostname="Saiful-PC" name="All" tests="8" failures="0" timestamp="27 Jun 2020 05:15:22 GMT" time="0.081" errors="0">
  <testcase name="asa" time="0.003" classname="testng.demo"/>
  <testcase name="vorosa" time="0.002" classname="testng.demo"/>
  <testcase name="durasa" time="0.004" classname="testng.demo1"/>
  <testcase name="nirasa" time="0.003" classname="testng.demo1"/>
  <testcase name="three" time="0.004" classname="testng.demo2"/>
  <testcase name="threetwo" time="0.003" classname="testng.demo2"/>
  <testcase name="fourone" time="0.007" classname="testng.four"/>
  <testcase name="fourtwo" time="0.006" classname="testng.four"/>
</testsuite> <!-- All -->
