<?xml version="1.0" encoding="UTF-8"?>
<!-- Generated by org.testng.reporters.JUnitXMLReporter -->
<testsuite hostname="Saiful-PC" name="three" tests="4" failures="0" timestamp="27 Jun 2020 05:02:17 GMT" time="0.031" errors="0">
  <testcase name="three" time="0.0" classname="testng.demo2"/>
  <testcase name="threetwo" time="0.0" classname="testng.demo2"/>
  <testcase name="fourone" time="0.0" classname="testng.four"/>
  <testcase name="fourtwo" time="0.0" classname="testng.four"/>
</testsuite> <!-- three -->
